[0m[[0m[0mdebug[0m] [0m[0m> Exec(test, Some(0824fbfb-affd-49a7-bab1-5566d24f92b8), Some(CommandSource(console0)))[0m
[0m[[0m[0mdebug[0m] [0m[0mEvaluating tasks: Test / test[0m
[0m[[0m[0mdebug[0m] [0m[0mRunning task... Cancel: Signal, check cycles: false, forcegc: true[0m
[0m[[0m[0minfo[0m] [0m[0mcompiling 1 Scala source to /home/siillee/Advanced_Compiler_Construction_Project/compiler/target/scala-2.13/classes ...[0m
[0m[[0m[33mwarn[0m] [0m[0m/home/siillee/Advanced_Compiler_Construction_Project/compiler/src/l3/CPSInterpreter.scala:33:35: match may not be exhaustive.[0m
[0m[[0m[33mwarn[0m] [0m[0mIt would fail on the following inputs: AtomL(_), AtomN(_)[0m
[0m[[0m[33mwarn[0m] [0m[0m    def resolve(a: Atom): Value = a match {[0m
[0m[[0m[33mwarn[0m] [0m[0m                                  ^[0m
[0m[[0m[33mwarn[0m] [0m[0m/home/siillee/Advanced_Compiler_Construction_Project/compiler/src/l3/CPSInterpreter.scala:102:45: match may not be exhaustive.[0m
[0m[[0m[33mwarn[0m] [0m[0mIt would fail on the following inputs: BlockV(_, _), BooleanV(_), CharV(_), CntV(_, _, _), FunV(_, _, _, _), UnitV[0m
[0m[[0m[33mwarn[0m] [0m[0m  protected def extractInt(v: Value): Int = v match { case IntV(i) => i.toInt }[0m
[0m[[0m[33mwarn[0m] [0m[0m                                            ^[0m
[0m[[0m[33mwarn[0m] [0m[0m/home/siillee/Advanced_Compiler_Construction_Project/compiler/src/l3/CPSInterpreter.scala:106:46: Exhaustivity analysis reached max recursion depth, not all missing cases are reported.[0m
[0m[[0m[33mwarn[0m] [0m[0m(Please try with scalac -Ypatmat-exhaust-depth 40 or -Ypatmat-exhaust-depth off.)[0m
[0m[[0m[33mwarn[0m] [0m[0m  protected def unwrapFunV(v: Value): FunV = v match {[0m
[0m[[0m[33mwarn[0m] [0m[0m                                             ^[0m
[0m[[0m[33mwarn[0m] [0m[0m/home/siillee/Advanced_Compiler_Construction_Project/compiler/src/l3/CPSInterpreter.scala:118:5: Exhaustivity analysis reached max recursion depth, not all missing cases are reported.[0m
[0m[[0m[33mwarn[0m] [0m[0m(Please try with scalac -Ypatmat-exhaust-depth 40 or -Ypatmat-exhaust-depth off.)[0m
[0m[[0m[33mwarn[0m] [0m[0m    (p, args) match {[0m
[0m[[0m[33mwarn[0m] [0m[0m    ^[0m
[0m[[0m[33mwarn[0m] [0m[0m/home/siillee/Advanced_Compiler_Construction_Project/compiler/src/l3/CPSInterpreter.scala:147:5: Exhaustivity analysis reached max recursion depth, not all missing cases are reported.[0m
[0m[[0m[33mwarn[0m] [0m[0m(Please try with scalac -Ypatmat-exhaust-depth 40 or -Ypatmat-exhaust-depth off.)[0m
[0m[[0m[33mwarn[0m] [0m[0m    (p, args) match {[0m
[0m[[0m[33mwarn[0m] [0m[0m    ^[0m
[0m[[0m[33mwarn[0m] [0m[0m/home/siillee/Advanced_Compiler_Construction_Project/compiler/src/l3/CPSInterpreter.scala:196:45: match may not be exhaustive.[0m
[0m[[0m[33mwarn[0m] [0m[0mIt would fail on the following inputs: BlockV(_, _, _), CntV(_, _, _), FunV(_, _, _, _)[0m
[0m[[0m[33mwarn[0m] [0m[0m  protected def extractInt(v: Value): Int = v match { case BitsV(i) => i }[0m
[0m[[0m[33mwarn[0m] [0m[0m                                            ^[0m
[0m[[0m[33mwarn[0m] [0m[0m/home/siillee/Advanced_Compiler_Construction_Project/compiler/src/l3/CPSInterpreter.scala:204:5: Exhaustivity analysis reached max recursion depth, not all missing cases are reported.[0m
[0m[[0m[33mwarn[0m] [0m[0m(Please try with scalac -Ypatmat-exhaust-depth 40 or -Ypatmat-exhaust-depth off.)[0m
[0m[[0m[33mwarn[0m] [0m[0m    (p, args) match {[0m
[0m[[0m[33mwarn[0m] [0m[0m    ^[0m
[0m[[0m[33mwarn[0m] [0m[0m/home/siillee/Advanced_Compiler_Construction_Project/compiler/src/l3/CPSInterpreter.scala:232:5: match may not be exhaustive.[0m
[0m[[0m[33mwarn[0m] [0m[0mIt would fail on the following inputs: (Eq, _), (Le, _), (Lt, _)[0m
[0m[[0m[33mwarn[0m] [0m[0m    (p, args) match {[0m
[0m[[0m[33mwarn[0m] [0m[0m    ^[0m
[0m[[0m[33mwarn[0m] [0m[0m/home/siillee/Advanced_Compiler_Construction_Project/compiler/src/l3/CPSInterpreter.scala:245:55: match may not be exhaustive.[0m
[0m[[0m[33mwarn[0m] [0m[0mIt would fail on the following inputs: BitsV(_), BlockV(_, _, _), CntV(_, _, _), FunV(_, _, _, _)[0m
[0m[[0m[33mwarn[0m] [0m[0m  override protected def unwrapFunV(v: Value): FunV = v match {[0m
[0m[[0m[33mwarn[0m] [0m[0m                                                      ^[0m
[0m[[0m[33mwarn[0m] [0m[0m9 warnings found[0m
[0m[[0m[0minfo[0m] [0m[0m[0m
[0m[[0m[31merror[0m] [0m[0mFailed tests:[0m
[0m[[0m[31merror[0m] [0m[0m	l3.ExamplesTests3[0m
[0m[[0m[31merror[0m] [0m[0m	l3.SyntheticTests3[0m
[0m[[0m[31merror[0m] [0m[0m(Test / [31mtest[0m) sbt.TestsFailedException: Tests unsuccessful[0m
[0m[[0m[31merror[0m] [0m[0mTotal time: 15 s, completed Mar 19, 2023, 6:12:12 PM[0m
[0m[[0m[0mdebug[0m] [0m[0m> Exec(shell, None, None)[0m
[0m[[0m[0mdebug[0m] [0m[0mForcing garbage collection...[0m
