[0m[[0m[0mdebug[0m] [0m[0m> Exec(test, Some(f3de7e2f-22a8-42c5-a957-7ac7a2661b13), Some(CommandSource(console0)))[0m
[0m[[0m[0mdebug[0m] [0m[0mEvaluating tasks: Test / test[0m
[0m[[0m[0mdebug[0m] [0m[0mRunning task... Cancel: Signal, check cycles: false, forcegc: true[0m
[0m[[0m[0minfo[0m] [0m[0mcompiling 1 Scala source to /home/siillee/Advanced_Compiler_Construction_Project/compiler/target/scala-2.13/classes ...[0m
[0m[[0m[33mwarn[0m] [0m[0m/home/siillee/Advanced_Compiler_Construction_Project/compiler/src/l3/Main.scala:8:25: Unused import[0m
[0m[[0m[33mwarn[0m] [0m[0mimport CL3TreeFormatter._ // Implicits required for CL3 tree printing[0m
[0m[[0m[33mwarn[0m] [0m[0m                        ^[0m
[0m[[0m[33mwarn[0m] [0m[0m/home/siillee/Advanced_Compiler_Construction_Project/compiler/src/l3/Main.scala:9:25: Unused import[0m
[0m[[0m[33mwarn[0m] [0m[0mimport CPSTreeFormatter._ // Implicits required for CPS tree printing[0m
[0m[[0m[33mwarn[0m] [0m[0m                        ^[0m
[0m[[0m[33mwarn[0m] [0m[0m/home/siillee/Advanced_Compiler_Construction_Project/compiler/src/l3/Main.scala:10:23: Unused import[0m
[0m[[0m[33mwarn[0m] [0m[0mimport CPSTreeChecker._   // Implicits required for CPS tree checking[0m
[0m[[0m[33mwarn[0m] [0m[0m                      ^[0m
[0m[[0m[33mwarn[0m] [0m[0m/home/siillee/Advanced_Compiler_Construction_Project/compiler/src/l3/Main.scala:39:15: private method treeChecker in object Main is never used[0m
[0m[[0m[33mwarn[0m] [0m[0m  private def treeChecker[T <: CPSTreeModule](implicit c: CPSTreeChecker[T]) =[0m
[0m[[0m[33mwarn[0m] [0m[0m              ^[0m
[0m[[0m[33mwarn[0m] [0m[0m/home/siillee/Advanced_Compiler_Construction_Project/compiler/src/l3/Main.scala:42:15: private method treePrinter in object Main is never used[0m
[0m[[0m[33mwarn[0m] [0m[0m  private def treePrinter[T](msg: String)(implicit f: Formatter[T]): T => T =[0m
[0m[[0m[33mwarn[0m] [0m[0m              ^[0m
[0m[[0m[33mwarn[0m] [0m[0m/home/siillee/Advanced_Compiler_Construction_Project/compiler/src/l3/Main.scala:49:15: private method seqPrinter in object Main is never used[0m
[0m[[0m[33mwarn[0m] [0m[0m  private def seqPrinter[T](msg: String): Seq[T] => Seq[T] =[0m
[0m[[0m[33mwarn[0m] [0m[0m              ^[0m
[0m[[0m[33mwarn[0m] [0m[0m6 warnings found[0m
[0m[[0m[0minfo[0m] [0m[0mcompiling 1 Scala source to /home/siillee/Advanced_Compiler_Construction_Project/compiler/target/scala-2.13/test-classes ...[0m
[0m[[0m[0minfo[0m] [0m[0m[0m
[0m[[0m[31merror[0m] [0m[0mFailed tests:[0m
[0m[[0m[31merror[0m] [0m[0m	l3.ExamplesTests3[0m
[0m[[0m[31merror[0m] [0m[0m	l3.SyntheticTests3[0m
[0m[[0m[0mdebug[0m] [0m[0mForcing garbage collection...[0m
[0m[[0m[31merror[0m] [0m[0m(Test / [31mtest[0m) sbt.TestsFailedException: Tests unsuccessful[0m
[0m[[0m[31merror[0m] [0m[0mTotal time: 8 s, completed Mar 23, 2023, 4:18:52 PM[0m
[0m[[0m[0mdebug[0m] [0m[0m> Exec(shell, None, None)[0m
