[0m[[0m[0mdebug[0m] [0m[0m> Exec(run ../examples/maze.l3m, Some(5616f8b5-49a4-45c0-8191-ce222492a7c0), Some(CommandSource(console0)))[0m
[0m[[0m[0mdebug[0m] [0m[0mEvaluating tasks: Compile / run[0m
[0m[[0m[0mdebug[0m] [0m[0mRunning task... Cancel: Signal, check cycles: false, forcegc: true[0m
[0m[[0m[0minfo[0m] [0m[0mcompiling 1 Scala source to /home/siillee/Advanced_Compiler_Construction_Project/compiler/target/scala-2.13/classes ...[0m
[0m[[0m[33mwarn[0m] [0m[0m/home/siillee/Advanced_Compiler_Construction_Project/compiler/src/l3/CPSOptimizer.scala:209:11: local method sameLen in value $anonfun is never used[0m
[0m[[0m[33mwarn[0m] [0m[0m      def sameLen[T,U](formalArgs: Seq[T], actualArgs: Seq[U]): Boolean =[0m
[0m[[0m[33mwarn[0m] [0m[0m          ^[0m
[0m[[0m[33mwarn[0m] [0m[0m/home/siillee/Advanced_Compiler_Construction_Project/compiler/src/l3/CPSOptimizer.scala:62:5: Exhaustivity analysis reached max recursion depth, not all missing cases are reported.[0m
[0m[[0m[33mwarn[0m] [0m[0m(Please try with scalac -Ypatmat-exhaust-depth 40 or -Ypatmat-exhaust-depth off.)[0m
[0m[[0m[33mwarn[0m] [0m[0m    tree match {[0m
[0m[[0m[33mwarn[0m] [0m[0m    ^[0m
[0m[[0m[33mwarn[0m] [0m[0m/home/siillee/Advanced_Compiler_Construction_Project/compiler/src/l3/CPSOptimizer.scala:213:9: match may not be exhaustive.[0m
[0m[[0m[33mwarn[0m] [0m[0mIt would fail on the following inputs: AppC(_, _), AppF(_, _, _), If(_, _, _, _), LetC(_, _), LetF(_, _), LetP(_, _, _, _)[0m
[0m[[0m[33mwarn[0m] [0m[0m        tree match {[0m
[0m[[0m[33mwarn[0m] [0m[0m        ^[0m
[0m[[0m[33mwarn[0m] [0m[0mthree warnings found[0m
[0m[[0m[31merror[0m] [0m[0mNonzero exit code returned from runner: 1[0m
[0m[[0m[31merror[0m] [0m[0m(Compile / [31mrun[0m) Nonzero exit code returned from runner: 1[0m
[0m[[0m[31merror[0m] [0m[0mTotal time: 4 s, completed Apr 28, 2023, 12:31:20 PM[0m
[0m[[0m[0mdebug[0m] [0m[0m> Exec(shell, None, None)[0m
[0m[[0m[0mdebug[0m] [0m[0mForcing garbage collection...[0m
[0m[[0m[0minfo[0m] [0m[0mshutting down sbt server[0m
