[0m[[0m[0mdebug[0m] [0m[0m> Exec(run ../examples/maze.l3m, Some(85a5c5ad-fdcb-449b-9c57-51a9b1a61e0b), Some(CommandSource(console0)))[0m
[0m[[0m[0mdebug[0m] [0m[0mEvaluating tasks: Compile / run[0m
[0m[[0m[0mdebug[0m] [0m[0mRunning task... Cancel: Signal, check cycles: false, forcegc: true[0m
[0m[[0m[0minfo[0m] [0m[0mcompiling 1 Scala source to /home/siillee/Advanced_Compiler_Construction_Project/compiler/target/scala-2.13/classes ...[0m
[0m[[0m[31merror[0m] [0m[0m/home/siillee/Advanced_Compiler_Construction_Project/compiler/src/l3/CPSOptimizer.scala:59:23: not enough arguments for method apply: (census: Map[CPSOptimizer.this.treeModule.Name,CPSOptimizer.this.Count], aSubst: l3.Subst[CPSOptimizer.this.treeModule.Atom], cSubst: l3.Subst[CPSOptimizer.this.treeModule.Name], eInvEnv: Map[(CPSOptimizer.this.treeModule.ValuePrimitive, Seq[CPSOptimizer.this.treeModule.Atom]),CPSOptimizer.this.treeModule.Atom], cEnv: Map[CPSOptimizer.this.treeModule.Name,CPSOptimizer.this.treeModule.Cnt], fEnv: Map[CPSOptimizer.this.treeModule.Name,CPSOptimizer.this.treeModule.Fun], bEnv: Map[CPSOptimizer.this.treeModule.Name,Seq[CPSOptimizer.this.treeModule.Atom]]): CPSOptimizer.this.State in object State.[0m
[0m[[0m[31merror[0m] [0m[0mUnspecified value parameter bEnv.[0m
[0m[[0m[31merror[0m] [0m[0m    shrink(tree, State(census(tree)))[0m
[0m[[0m[31merror[0m] [0m[0m                      ^[0m
[0m[[0m[31merror[0m] [0m[0m/home/siillee/Advanced_Compiler_Construction_Project/compiler/src/l3/CPSOptimizer.scala:249:45: not enough arguments for method apply: (census: Map[CPSOptimizer.this.treeModule.Name,CPSOptimizer.this.Count], aSubst: l3.Subst[CPSOptimizer.this.treeModule.Atom], cSubst: l3.Subst[CPSOptimizer.this.treeModule.Name], eInvEnv: Map[(CPSOptimizer.this.treeModule.ValuePrimitive, Seq[CPSOptimizer.this.treeModule.Atom]),CPSOptimizer.this.treeModule.Atom], cEnv: Map[CPSOptimizer.this.treeModule.Name,CPSOptimizer.this.treeModule.Cnt], fEnv: Map[CPSOptimizer.this.treeModule.Name,CPSOptimizer.this.treeModule.Fun], bEnv: Map[CPSOptimizer.this.treeModule.Name,Seq[CPSOptimizer.this.treeModule.Atom]]): CPSOptimizer.this.State in object State.[0m
[0m[[0m[31merror[0m] [0m[0mUnspecified value parameter bEnv.[0m
[0m[[0m[31merror[0m] [0m[0m      (i + 1, fixedPoint(inlineT(tree)(State(census(tree))))(shrink))[0m
[0m[[0m[31merror[0m] [0m[0m                                            ^[0m
[0m[[0m[33mwarn[0m] [0m[0m/home/siillee/Advanced_Compiler_Construction_Project/compiler/src/l3/CPSOptimizer.scala:209:11: local method sameLen in value $anonfun is never used[0m
[0m[[0m[33mwarn[0m] [0m[0m      def sameLen[T,U](formalArgs: Seq[T], actualArgs: Seq[U]): Boolean =[0m
[0m[[0m[33mwarn[0m] [0m[0m          ^[0m
[0m[[0m[33mwarn[0m] [0m[0m/home/siillee/Advanced_Compiler_Construction_Project/compiler/src/l3/CPSOptimizer.scala:256:15: private method census in class CPSOptimizer is never used[0m
[0m[[0m[33mwarn[0m] [0m[0m  private def census(tree: Tree): Map[Name, Count] = {[0m
[0m[[0m[33mwarn[0m] [0m[0m              ^[0m
[0m[[0m[33mwarn[0m] [0m[0mtwo warnings found[0m
[0m[[0m[31merror[0m] [0m[0mtwo errors found[0m
[0m[[0m[0mdebug[0m] [0m[0mForcing garbage collection...[0m
[0m[[0m[31merror[0m] [0m[0m(Compile / [31mcompileIncremental[0m) Compilation failed[0m
[0m[[0m[31merror[0m] [0m[0mTotal time: 1 s, completed Apr 28, 2023, 12:29:45 PM[0m
[0m[[0m[0mdebug[0m] [0m[0m> Exec(shell, None, None)[0m
